500
0 9198 6706 3650 5787 3536 3316 4554 4298 1055 2002 6140 2057 3012 4234 8470 2240
1 9198 141 3536 4554 1055 2002 6140 8032 2057 4662 6409 6242 6413 5639 3012 2288 3936 2240
2 9198 3650 5787 141 6698 3536 3316 4554 4298 5523 2002 8032 2057 6413 5639 3012 2288
3 9198 6706 3650 5787 141 6698 3536 4554 2002 6140 8032 2057 6409 8506 3012 8470 8005 1668 6613 2240
4 9031 9198 3650 5787 141 6698 3536 4554 5523 6140 2057 4662 6409 6413 9122 3101 3012 1534 8470 2643 3316
5 9198 6706 3650 141 6698 3536 4554 4298 6140 8032 2057 6063 3012 1534 8005 6613
6 9031 9198 3650 5787 141 6698 4554 4298 1055 2002 6140 8032 2057 6409 3012 1534 2643 3316 8005 1668
7 9031 9198 6706 3650 141 6698 3536 4554 4298 5523 2002 6140 2057 4662 3012 1534 2643 8005 1668 2240
8 9031 9198 6698 3536 3316 4554 4298 5523 1055 6140 8032 2057 4662 6409 6413 2240
9 9031 5787 141 6698 3536 4554 5523 2002 6140 8032 2057 4662 6242 6413 3101 8506 3012 1534 8470 2643 7791 6613
10 9031 9198 6706 3650 141 6698 3536 3316 1055 6140 2057 4662 6409 6242 6413 2160 3012 1534 8470 2643 5677 412 2288 2240
11 9031 9198 6706 3650 6698 3536 3316 4554 4298 1055 2057 4662 3101 5639
12 9031 9198 6706 141 6698 3536 3316 4554 4298 2002 8032 2057 4662 6413 3012 9822 732 2240
13 9198 6706 3650 141 6698 3536 3316 4554 1055 2002 6140 2057 4662 6413 3101 5216 3012 1534 412
14 9031 9198 3650 141 6698 3536 3316 4298 6140 8032 2057 4662 6409 6242 3101 5639 3012 1534 2240
15 9031 9198 6706 5787 6698 3536 3316 4554 4298 5523 2002 6140 2057 4662 6413 3101 3012 4234 1534 8470 2643 1668 2240
16 9031 9198 3650 6698 3536 3316 4554 1055 2002 8032 2057 4662 6409 6413 7617 3012 1534 8470 732 2643 8005 1668
17 9198 3650 6698 3536 3316 4554 4298 2002 6140 2057 4662 6409 6242 6413 1535 3012 4234 1534 732 2643 7791 2240
18 9198 6706 3650 141 6698 4554 4298 5523 1055 8032 2057 6409 3101 8506 3012 1534 8470 2643 2288 8005 6613 3936 2240
19 9198 6706 3650 5787 141 6698 4554 4298 5523 1055 2002 6140 4662 3012 1534 8470 2643 2288 8005 2240
20 6706 5787 141 6698 3536 4554 4298 5523 6140 8032 2057 4662 3012 2288 6613
21 9031 9198 6706 3650 5787 141 6698 3316 4298 5523 8032 2057 4662 6409 6413 7617 5639 3012 2240
22 9031 9198 6706 3650 5787 6698 4298 5523 1055 2002 6140 2057 4662 6409 6242 3012 4234 1534 8470 1668
23 9031 9198 6706 3650 141 6698 3316 4298 5523 1055 6140 8032 2057 4662 7617 3012 4234 1534 8470 2288 6613 2240
24 9031 9198 6706 3650 141 3316 4554 4298 5523 2002 6140 8032 2057 4662 6413 3012 2240
25 9198 6706 3650 141 6698 3536 3316 4554 4298 5523 8032 2057 6409 3012 1534 8470 2929 1668
26 9031 9198 6706 3650 5787 141 3536 1055 6140 8032 2057 4662 6409 6413 3012 6613 3936 2240
27 9031 9198 3650 5787 141 3536 3316 4554 4298 2002 6140 8032 2057 8506 3012 1534 2643 1668
28 9031 9198 3650 5787 6698 3536 3316 4554 4298 2002 6140 2057 4662 6409 6413 3101 8506 3012 4234 2288 2240
29 9031 9198 6706 3650 5787 141 6698 4554 8032 4662 6409 4738 3012 1534 8470 3316 8005
30 9031 9198 5787 141 6698 3536 4554 4298 5523 1055 6140 8032 8506 3012 8470 2643 8005 79
31 9031 5787 6698 3536 4554 5523 2002 8032 2057 6242 6413 9122 2160 3101 4234 8470 732 2288 2240
32 9031 9198 6706 3650 5787 6698 3536 3316 4298 5523 1055 2002 6140 2057 4662 8506 3012 1534 2288 5715
33 9198 3650 5787 141 6698 3316 4554 4298 1055 2002 6140 2057 6242 6413 3101 5639 3012 1534
34 9198 3650 141 3536 3316 4298 5523 2002 2057 6242 4738 6413 9122 3101 3012 4234 8470 2288 1668 2240
35 9198 6706 3650 141 6698 3536 3316 4554 4298 5523 2057 4662 6409 7617 3012 1534 2643
36 9031 9198 3650 141 6698 4298 5523 2002 8032 2057 4662 6409 9122 7617 3101 7422 3012 4234 1534 8470 3936 2240 7652
37 9198 3650 141 6698 3536 3316 4298 1055 2002 6140 2057 4662 6409 9122 3101 5155 3012 9822 9215 2643 7791 3936 2986
38 9031 9198 6706 3650 5787 141 6698 3316 4554 4298 5523 1055 2057 7617 3101 2240
39 9031 9198 3650 141 6698 3536 3316 4554 4298 2002 6140 2057 4738 6413 3101 3012 1534 2929 2288 1668
40 3650 141 6698 3536 3316 4554 4298 1055 2002 6140 8032 2057 6409 6413 3012 4234 1534 2643 6613 5715
41 9198 6706 3650 6698 3536 3316 5523 6140 2057 6409 6242 4738 9122 3101 8506 3012 8470 9215 2643 412 2288 8005 2240
42 9198 6706 3650 5787 6698 3536 4554 4298 5523 2002 6140 2057 6413 5639 8506 3012 2643 2240
43 9198 3650 5787 141 6698 3536 4554 4298 1055 2002 2057 4662 6413 3012 1534 7791 5677 8005 6613 8406
44 9198 6706 3650 141 6698 3536 3316 4554 4298 1055 2002 2057 6409 6413 8506 3012 2288 1668 6613 2240
45 9031 9198 6706 3650 5787 141 6698 3536 4554 4298 5523 2002 6140 3012 1534 8470 9215 2643 8005 6613 2240 2
46 9031 9198 6706 3650 5787 141 3536 4554 4298 8032 3012 4234 2288 2240
47 9031 9198 3650 141 6698 3316 4554 6140 8032 2057 4662 6409 6242 9122 8506 6063 3012 9215 2288
48 9031 9198 6706 3650 5787 141 3536 3316 4298 5523 1055 6140 2057 4662 3012 4234 1534 8470 2643 7791 8005 1668 2240
49 9031 9198 3650 5787 141 6698 3536 3316 4554 4298 1055 2002 6140 6409 5639 3012 1774
50 9031 9198 3650 5787 141 6698 3316 4554 4298 5523 1055 6140 2057 4662 6409 6413 3101 3012 1534 2929 2288 8005
51 9031 6706 3650 5787 6698 4554 4298 5523 6140 8032 2057 4662 6409 6413 3012 2643 2240
52 9198 6706 3650 5787 141 6698 3536 3316 4554 4298 5523 2002 6140 2057 8506 3012 1668 6613
53 9031 9198 3650 5787 141 6698 3536 3316 4554 4298 5523 1055 6140 2057 3101 3012 1534 8470 1668 6613 2240
54 9198 6706 3650 141 3536 3316 4298 1055 6140 2057 6409 6242 7617 3012 4234 1534 8470 2288
55 9198 3650 6698 3536 3316 4554 4298 2002 2057 4662 4738 3101 605 3012 1534 732 2643 8005
56 9031 9198 5787 6698 3536 3316 4554 4298 1055 8032 2057 4662 6413 8506 3012 1534 2643 8005 2240
57 9198 3650 5787 3536 3316 2057 4662 6242 6413 9122 3101 5639 605 3012 8470 2643 8005
58 9031 3650 5787 141 6698 3536 4554 4298 5523 1055 6140 2057 4662 3012 1534 9822 3316 6613 2240
59 9198 5787 141 6698 3316 4554 4298 8032 2057 4662 4738 6413 7617 3012 1534 8470 9215 2643 2288 6613 3936
60 9031 9198 3650 5787 141 6698 3536 3316 4554 4298 5523 1055 2002 6140 2057 3012 1534 2643 1668 2240
61 9031 9198 3650 141 6698 3536 3316 4554 4298 1055 2002 6140 8032 3012 8470 2643 2288
62 9031 9198 6706 3650 141 6698 3316 4554 4298 2002 6140 8032 4662 6409 8506 3012 4234 2240
63 9198 6706 3650 6698 3536 3316 4554 4298 5523 6140 8032 2160 2643 2240
64 9198 3650 5787 141 6698 3536 4298 5523 2002 6140 4662 6409 6242 6413 2160 3012 8470 412 8005 1668 6613 2240
65 9031 9198 5787 141 3536 3316 4554 4298 5523 1055 6140 8032 2057 3012 4234 8470 2643 7791 1668 6613
66 9031 9198 6706 3650 6698 3536 3316 4554 4298 2002 6140 2057 4662 7617 3012 2643 2240
67 9031 9198 6706 3650 141 6698 8032 2057 4662 6409 6242 9122 5227 3012 1534 8470 2643 7791 412 1668
68 9198 3650 5787 141 6698 3536 3316 4554 2002 6140 2057 4662 6242 6413 7617 3012 4234 412 2240
69 9198 3650 141 3536 3316 4554 4298 5523 1055 2002 6140 8032 2057 3012 1534 2643 2240
70 9031 9198 3650 3316 4554 2002 6140 8032 2057 4662 6242 9122 7617 3101 8506 3012 1534 1668 2240
71 9198 3650 5787 6698 3536 3316 4554 4298 1055 6140 2057 4662 3101 8506 3012 4234 1534 732 2643 1668 6613 2240
72 9031 9198 3650 141 6698 3316 4554 4298 5523 2002 6140 2057 4662 6409 9122 7617 3101 3012 4234 2643 6613 3936 2240
73 9198 6706 3650 5787 3536 3316 4554 4298 6140 8032 2057 3012 4234 1534 2240
74 9198 3650 141 6698 3536 4554 4298 5523 2002 6140 2057 6409 6242 6413 5216 3012 1534 8470 732 2643 2288 1668 3936 2240
75 9198 6706 3650 6698 3536 4298 5523 1055 6140 8032 2057 4662 6409
76 9198 3650 5787 141 3536 3316 4554 4298 2002 8032 2057 4662 3101
77 9198 6706 3650 141 6698 3536 3316 4554 4298 1055 2002 6140 6413 3101
78 9031 9198 3650 5787 6698 3536 4554 4298 5523 2002 6140 8032 2057 8506 3012 8470 2288 2240
79 9031 9198 6706 3650 141 6698 3536 4298 5523 1055 8032 2057 6413 3101 8506 1534 8470 2643
80 9031 9198 3650 5787 141 6698 3536 4554 4298 1055 6140 2057 6409 6413 3012 1534 8470 2288 1668 6613
81 9031 9198 6706 3650 6698 3536 3316 4554 4298 1055 2002 6140 2057 6409 3012 4234 1534 8470 2643 412 2288 2240
82 9198 5787 141 6698 3536 3316 4554 4298 5523 1055 6140 2057 4662 6409 6413 3101 3012 1534 8470 2643 1668 6613
83 9198 6706 3650 141 6698 3536 3316 4298 1055 2002 2057 4662 6409 6242 3012 4234 1534 8470 2643 6613 3936 2240
84 9031 9198 6706 3650 6698 3536 3316 4554 4298 1055 2002 6140 2057 6413 8506 3012 2288 1668 6613
85 9198 3650 6698 3536 4298 5523 2002 6140 8032 2057 4662 6409 6242 6413 3101 8506 3012 1534 412 1668 6613 5715
86 9198 6706 3650 5787 6698 3316 1055 6140 4662 6242 9122 7617 2160 3101 3012 1534 8470
87 9198 6706 3650 5787 3536 3316 4554 4298 5523 1055 2002 6140 3012 1534 8470 732
88 9031 9198 6706 3650 141 6698 3536 3316 4554 4298 5523 6140 2057 4662 6409 79
89 9198 6706 3650 5787 6698 3536 3316 4554 2002 8032 2057 6242 6413 3012 8470 2643
90 9031 9198 3650 5787 141 6698 4298 1055 6140 8032 2057 4662 6409 6242 3012 8470
91 9198 3650 5787 141 6698 3536 4554 5523 1055 6140 8032 2057 6409 6413 3012 4234 1534 2643 1668 6613 2240
92 9031 9198 3650 6698 3536 3316 4554 5523 1055 2002 8032 2057 6409 4738 3012 8470 2643
93 9198 3650 141 6698 3536 4554 4298 1055 2002 6140 2057 4662 6409 5216 3012 1534 8470 2240
94 9031 9198 3650 6698 4554 4298 2002 6140 8032 2057 4662 6413 9122 3101 6063 3012 4234
95 9031 9198 141 3536 3316 4554 4298 1055 2002 6140 2057 6413 9122 2160 3101 1534 2288
96 9198 3650 141 6698 3536 3316 4554 4298 5523 1055 6140 8032 2057 3012 1534 8470 2643 5099 1668 6613
97 9198 6706 5787 141 6698 3536 3316 4298 5523 1055 2002 6140 8032 2057 6409 3012 1534 8470 732 2643 412
98 9198 3650 141 6698 3536 3316 4554 4298 5523 6140 8032 4662 3101 8506 3012 4234 1534 8470 2643 7791
99 9198 6706 3650 141 6698 3316 4554 5523 2002 6140 2057 4662 6409 6242 6413 2160 3101 5639 3012 4234 1534 8470 2288
100 9031 9198 3650 141 6698 3536 3316 4554 4298 5523 6140 2057 4662 6242 6413 3012 1534 2643 1668 2240
101 9031 9198 6706 3650 141 6698 3536 3316 4554 5523 6140 2057 4662 6409 6242 8506 3012 1534 2643 2240
102 9198 3650 141 6698 3536 3316 4298 8032 2057 4662 6409 6242 6413 7617 3101 3012 2643 3936 2240
103 9198 3650 5787 6698 3536 3316 4554 4298 6140 2057 4662 6413 9122 3101 3012 2240
104 9031 9198 6706 3650 3536 4554 5523 1055 8032 2057 4662 6413 5639 3012 2
105 9031 9198 3650 6698 3316 4554 4298 5523 1055 6140 2057 4662 6409 6242 6413 3101 5639 3012 1534 2643 8005 1668 6613 2240
106 9031 9198 3650 5787 141 6698 3536 3316 4554 1055 2002 2057 6409 4738 3101 3012 4234 2288
107 9031 9198 3650 6698 3536 4554 4298 5523 1055 2002 8032 2057 6409 3012 8470 9822 2643 3316 1668 6613 2240
108 9198 6706 3650 6698 3536 4554 4298 2002 4662 6409 6413 9122 3012 1534 8470 2643 7791 2288 1668 2240
109 9031 9198 3650 141 6698 3536 3316 4298 1055 2002 6140 8032 2057 4662 6409 6413 3012 1534 8470 2643 7791 1668 5715
110 9198 6706 3650 5787 141 6698 3536 4554 4298 5523 2002 6140 2057 8506 3012 1534 2288 8005 1668
111 9031 9198 3650 141 3536 4554 4298 5523 2002 8032 2057 4662 6409 6413 2240
112 9031 9198 3650 141 6698 3536 3316 4554 4298 5523 1055 2057 4662 6409 6413 3101 3012 8470 732 2643 2288 1668 3936
113 9198 3650 5787 6698 3536 3316 4554 4298 5523 2002 6140 8032 2057 6409 8506 3012 2240
114 9198 6706 3650 5787 141 6698 3536 3316 4554 4298 1055 2002 3012 4234 1534 8470 1668 6613 3936
115 9198 6706 3650 6698 3536 3316 2002 6140 8032 6409 6413 9122 7617 3101 5639 6381 1534 732 2643 7791 6613 3936 2240
116 9031 9198 3650 141 6698 3536 1055 6140 8032 2057 4662 4738 7617 3012 1534 8470 2643 2288 8005 6613 2240
117 9198 3650 6698 3536 3316 4554 4298 1055 6140 2057 4662 6242 8506 3012 1534 2643 7791 2288 8005 1668 3936
118 9031 9198 3650 3536 4298 5523 1055 6140 8032 2057 4662 6242 8506 3012 1534 2288 2240
119 9198 5787 141 6698 4554 4298 5523 1055 8032 2057 6242 6413 3101 1535 3012 1534 9822 2643 1668 6613 2240
120 9031 9198 6706 3650 5787 141 6698 3536 3316 4554 2002 8032 2057 6413 8506 6063 3012 1534 2288 1668 6613
121 9031 9198 5787 3536 4554 6140 2057 4662 6409 6413 9122 7617 3026 8506 3012 1534
122 9031 9198 6706 3650 5787 3536 3316 4554 4298 5523 1055 6140 1534 732 5677 2288 1668
123 9031 9198 3650 141 6698 3316 4554 4298 5523 2002 8032 2057 6409 6242 7617 8506 3012 1668 6613 2240
124 9198 6706 3650 5787 141 6698 3316 4554 4298 1055 2002 6140 2057 4662 3012 1534 8470 2643
125 9031 9198 6706 3650 5787 6698 3536 3316 4298 5523 8032 2057 4662 6409 3101 3012 4234 8470 5715
126 9031 9198 3650 141 6698 3536 4298 5523 1055 2002 6140 8032 4662 6409 6413 3012 4234 1534 2288 1668
127 9031 9198 141 6698 3536 4554 4298 5523 1055 6140 8032 2057 6409 3101 8506 3012 1534 8470 732 2288 1668
128 9198 3650 6698 3536 3316 4554 4298 5523 1055 2002 8032 2057 6409 3101 8506 3012 1534 2643 2288 1668 2240
129 9198 6706 3650 5787 141 6698 3536 4554 5523 2057 4662 6409 6413 7617 3101 3012 1534 8470 2643 3316 2240
130 9031 9198 3650 6698 3536 3316 4554 4298 5523 1055 2002 6140 8032 2057
131 9031 9198 3650 141 6698 3316 4554 4298 2002 6140 2057 4662 6409 6242 6413 2160 3101 3012 1534 8470 9215 2288 5715
132 9031 9198 3650 5787 141 6698 3536 3316 4554 4298 1055 6140 2057 6409 6413 3012 1534 2643 2288 6613 2240
133 9031 9198 6706 3650 5787 3536 4554 4298 2002 6140 2057 4662 3012 4234 1534 8470 2643 3316 1668
134 9031 9198 3650 141 6698 4554 5523 2002 6140 2057 4662 7617 2160 3101 3536 605 3012 1534 3316 1668 6613 7438
135 9198 6706 141 6698 3536 3316 4554 4298 5523 2002 6140 8032 2057 6409 6413 1534 8470 732 7791 2288 1668
136 9031 6706 3650 5787 6698 3536 3316 4554 1055 2002 6140 8032 2057 8506 3012 1534 2643 6613
137 9031 9198 3650 5787 141 6698 3536 3316 4554 4298 5523 1055 2002 2057 6409 8506 3012 1534 2643 1668 6613
138 9198 3650 141 6698 3536 4554 5523 1055 2002 6140 8032 2057 4662 6413 8506 3012 8470 2643 6613 2240 7652 5715
139 9031 9198 6706 3650 5787 141 6698 4554 4298 2002 6140 2057 4662 6409 3101 1535 3012 1668 2240
140 9198 6706 3650 141 6698 3536 3316 4554 5523 6140 8032 2057 4662 6409 6413 1534 8470 2643 412 8406
141 9198 6706 3650 5787 141 3536 4554 4298 1055 2057 6409 3012 1534 9215 8005 1668 6613
142 6706 3650 5787 6698 3536 3316 4554 4298 5523 2002 8032 2057 6409 4234 2643 2240
143 9031 9198 3650 5787 6698 3536 3316 4554 4298 5523 2002 6140 8032 2057 3012 4234 8470 2643 7791 1668
144 9198 3650 5787 141 6698 3316 4554 4298 6140 8032 2057 6409 6242 6413 8506 3012 1534 412
145 9198 6706 3650 5787 6698 3536 3316 4298 5523 1055 2002 6140 8032 3012 8470 7791 412 2240
146 9198 3650 141 6698 3316 4554 4298 5523 4662 6409 6242 6413 9122 7617 8506 3012 1534 412 2288 8406
147 9031 9198 3650 141 6698 3536 3316 4554 4298 5523 2002 6140 2057 4662 6242 2240
148 9031 6706 3650 141 6698 4298 2002 6140 8032 2057 4662 6409 6413 9122 7617 3012 2643 7791 2288 1668
149 9198 6706 3650 5787 141 6698 3536 3316 4298 5523 1055 2002 6140 2057 6409 3101 8506 3012 1668
150 9198 3650 3536 3316 4554 4298 1055 2002 6140 8032 2057 6409 6413 3012 1534 8470 9822 2643 2288 2
151 9198 6706 3650 141 3536 3316 4554 4298 5523 1055 2002 6140 2057 3012 4234 1534 8470 2643 7791 1668 6613 8406 2240 79
152 9031 9198 6706 3650 5787 141 6698 3536 4554 4298 6140 2057 6413 8506 3012 1534 8470 2240
153 9198 3650 6698 4554 4298 5523 1055 2002 6140 2057 6409 4738 9122 3012 1534 8470 2643 2288 2240
154 9198 3650 5787 141 6698 3536 3316 4298 5523 6140 8032 2057 4662 2160 3101 3012 4234 1534 8470 7791 5099 2288 2240
155 9031 9198 3650 141 6698 3536 3316 4554 4298 8032 2057 4662 3101 5639 5216 3012 5715
156 9031 9198 6706 3650 5787 141 3536 3316 4554 4298 5523 6140 2057 6413 3012 4234 1534 2643 5099 6613
157 9198 6706 3650 5787 141 6698 3536 4554 4298 5523 1055 8506 3012 6613 5715
158 9031 9198 6706 3650 5787 141 6698 3536 3316 4554 5523 6140 8032 2057 8506 3012 1534 8470 2288
159 9031 9198 6706 3650 5787 3316 4554 4298 6140 4662 9122 7617 3012 1534 2929 2643 6613 3936 2240
160 9031 9198 6706 3650 5787 141 6698 3536 3316 4554 4298 6140 2057 8506 6063 3012 1534 412 1668
161 9198 6706 3650 141 6698 3536 3316 4554 4298 8032 2057 4662 3012 1668 2240
162 9031 9198 3650 6698 3536 3316 4554 4298 5523 1055 6140 8032 2057 6413 3012 1534 2288 1668 6613 2240
163 9198 3650 5787 141 6698 3536 4554 4298 5523 1055 2002 2057 4662 3012 4234 2643 1668 2240
164 9031 9198 141 6698 3536 3316 4554 4298 5523 2002 2057 6409 6242 7617 2160 3101 3012 9215 2643 583 2288
165 9031 9198 6706 3536 4554 4298 5523 1055 2002 2057 4662 6409 7617 3012 2929 2288 2240
166 9198 3650 5787 6698 3536 4298 5523 2002 6140 8032 4662 6409 6413 7617 5639 3012 8470 732 2240
167 9031 9198 6706 3650 5787 141 6698 3536 3316 4554 5523 1055 2002 2057 4662 1668 3936 2240
168 9198 6706 3650 6698 3536 3316 4554 4298 5523 1055 6140 2057 4662 3012 1534 2288 1668 2240
169 9031 9198 6706 3650 5787 3536 3316 4554 4298 5523 1055 2002 2057 3012 1534 2643 1668 4901
170 9031 9198 3650 141 6698 3536 4554 5523 1055 2002 6140 8032 2057 4662 8506 3012 1534 2986
171 9031 9198 6706 3650 5787 141 6698 3536 3316 4298 2002 6140 8032 2057 1535 3012 4234 8470 2643
172 9198 6706 3650 141 6698 3536 3316 4298 1055 6140 2057 4662 6409 6413 2160 3012 4234 1534 8470 2643 8005 1668 6613
173 9031 9198 6706 3650 6698 3536 4554 4298 2057 4662 6409 6242 3012 1534 8470 3316 1668 6613 3936 7652
174 9031 9198 3650 5787 6698 3536 3316 4554 4298 5523 2002 6140 8032 2057 8506 3012 1534
175 9198 6706 3650 5787 141 6698 3536 4298 5523 2002 6140 8032 2057 6409 4234 1534 8470 732 2643
176 9198 6698 3536 3316 4554 4298 5523 1055 2057 6242 9122 5639 605 3012 3936 2
177 9031 9198 6706 3650 141 6698 3536 3316 4298 5523 2002 2057 4662 6242 6413 5216 8506 3012 4234 1534 2240
178 9198 6706 5787 6698 3536 3316 4554 4298 2002 2057 4662 6242 3101 8506 3012 4234
179 9031 9198 6706 3650 5787 141 4554 5523 1055 2002 2057 4662 6409 7617 5216 8506 3012
180 9198 5787 141 6698 3536 3316 4554 4298 5523 1055 2002 6140 2057 4662 6413 3101 3012 1534 8470 2643 5677
181 9198 3650 3536 3316 4554 4298 5523 2057 4662 6409 6242 9122 5639 3012 1534 8470 5677
182 9198 3650 6698 3536 3316 4554 4298 1055 8032 2057 6413 7617 3101 3012 1534 8470 2643 1668 6613 3936
183 9031 9198 6706 3650 141 6698 3316 4554 1055 2002 6140 2057 4662 6242 6413 3101 5639 3012 8470 732 2643 5715
184 9031 9198 3650 141 6698 3536 3316 4554 4298 5523 2002 6140 2057 4662 6242 2240
185 9198 3650 5787 6698 3536 3316 4554 4298 2002 6140 8032 2057 4662 3012 1534 412 1668
186 9031 9198 6706 3650 5787 6698 3536 3316 4554 4298 1055 2002 2057 3012 1534 8470 2643 2288 8005 6613 3936 2240
187 9031 9198 3650 6698 3536 4554 4298 2002 2057 6409 6242 6413 9122 3101 3012 1534 2643 2288 1668 6613 2240
188 9198 3650 141 6698 3536 4554 4298 2002 8032 2057 4662 6409 3101 1535 3012 1534 8470 2643 2288 1668 6613 2240
189 9031 9198 5787 141 6698 3536 4554 4298 5523 1055 6140 8032 5639 3012
190 9198 6706 3650 141 6698 3536 3316 4554 4298 5523 1055 6140 6409 8506 3012 1534 2643 8005 6613
191 9198 6706 3650 5787 141 3536 4298 8032 2057 4662 6409 6413 3101 3012 1534 8470 2929 2643 2288 8005
192 9031 9198 3650 5787 141 6698 3536 4554 2002 2057 6242 9122 3101 5639 5216 3012 1534 8470
193 9031 9198 3650 6698 3536 4554 4298 2002 6140 2057 4662 6409 9122 3101 8506 3012 1534 8470 2643 8005 2240
194 9198 6706 3650 6698 3536 3316 4554 4298 1055 2002 8032 3012 1534 8470 2643 7791 5677 2288 6613
195 9031 9198 3650 141 6698 3536 4554 4298 1055 2002 6140 8032 3012 1534 8470 2643 2288 8005
196 9031 9198 3650 5787 6698 3316 4554 4298 5523 1055 6140 8032 2057 6409 6413 3101 3012 1668
197 9031 9198 3650 141 6698 3536 4298 5523 2002 6140 4662 6409 4738 9122 3012 8470 2643 3316 2288
198 9031 9198 3650 6698 3536 4554 4298 1055 2002 6140 2057 6409 6242 3012 4234 8470 2643 5677 8005 6613 3936
199 9198 6706 3650 141 6698 3536 4298 5523 2002 6140 4662 6409 6242 6413 3101 3012 4234 1534 8470 732 2643 2240
200 9031 9198 3650 141 4554 4298 1055 2002 8032 2057 6409 6242 6413 3012 1534 8470 2929 2288 5715
201 9031 9198 3650 6698 3536 3316 4554 4298 5523 1055 6140 8032 2057 6413 3012 2643 2288 8005
202 9198 3650 5787 3536 3316 4298 5523 6140 8032 2057 4662 6409 6242 6413 3012 4234 1534 412 6613
203 9031 9198 5787 141 6698 3536 4298 5523 1055 6140 2057 4662 6413 9122 7617 3012 1534 8470 1668 6613
204 9031 9198 141 6698 3536 4554 4298 1055 6140 8032 2057 6409 6413 3101 5639 3012 8470 412 2288 1668 2240
205 9198 3650 5787 6698 3536 4554 4298 6140 8032 2057 4662 6413 3012 4234 2240
206 6706 3650 141 6698 4298 5523 1055 2002 6140 8032 2057 4738 6413 3101 3012 1534 8470 2929 2643 2288 7652
207 9198 6706 3650 5787 141 6698 3316 4298 5523 8032 2057 4662 6409 6242 6413 3012 4234 1534 8470 6613 2240
208 9198 6706 3650 6698 3536 3316 4554 1055 2002 6140 8032 2057 4662 3012 1534 8470 2643 6613 5715
209 9031 9198 3650 5787 141 6698 3536 3316 4554 2002 6140 2057 4662 6409 6242 1535 8506 3012 8470 2643 6613 3936 2240
210 9031 9198 6706 3650 5787 141 6698 3536 4554 4298 5523 6140 2057 3012 4234 1534 9215 2643 1668 6613
211 9031 9198 3650 5787 141 6698 3316 4554 4298 5523 1055 2002 6140 2057 4662 6413 3101 3012 4234 1534 8470 2643 5677 2288
212 9198 6706 3650 141 6698 4298 5523 1055 6140 8032 2057 4662 6242 3012 1534 2643
213 9198 3650 141 6698 3536 4554 4298 5523 1055 6140 6409 6242 8506 3012 1534 8470 2
214 9031 9198 3650 5787 141 6698 3316 4554 4298 5523 1055 2002 8032 2057 6413 3101 3012 1534 2643 6613 3936 2240
215 9198 6706 3650 141 6698 3536 4554 4298 1055 2002 6140 2057 3101 3012 1534 2643 2288 1668 6613 2240
216 9031 9198 6706 3650 5787 141 6698 3536 3316 4554 1055 2002 6140 2057 6409 8506 1534 8470 2240
217 9198 3650 141 6698 3536 3316 5523 1055 2002 6140 8032 2057 4662 6409 6242 3101 5639 3012 1534 8470 2643 5099 2
218 9198 3650 141 4554 4298 1055 2002 6140 2057 6409 6242 4738 3012 8470 5715
219 9031 9198 6706 3650 141 6698 3316 4554 6140 8032 2057 6409 6242 6413 2160 3101 3012 1534 8470 2240 79
220 9031 9198 5787 6698 3536 3316 4554 4298 5523 2002 8032 2057 4662 6409 6413 1535 3012 1534 8470 732 2643 5677 2240
221 9198 6706 141 6698 3316 5523 1055 2002 6140 2057 4662 6242 6413 9122 3026 2160 3012 2643 1668 6613
222 9031 9198 6706 141 6698 3316 5523 1055 2002 6140 6409 6242 4738 6413 9122 2160 8506 3012 1534 412 2
223 9031 9198 6706 3650 5787 141 3536 4554 4298 6140 2057 6409 6413 3012 4234 8470 412 2288 1668 6613 2240
224 9198 3650 141 6698 3536 3316 4554 4298 1055 8032 2057 4662 4234 1534 2643 5677 2288 1668
225 9031 9198 3650 141 6698 3536 3316 1055 6140 8032 2057 4662 6409 6413 9122 3101 5216
226 9031 9198 6706 3650 5787 141 6698 3536 4554 4298 1055 3012 4234 1534 8470 7791 1668
227 9031 9198 3650 141 6698 3536 3316 4554 4298 5523 1055 2002 2057 4662 3101 8506 3012 4234 1534 8470 2643 5099 2288 6613 2240
228 9031 9198 6706 5787 6698 3536 3316 4554 5523 2002 6140 2057 6413 9122 7617 5639 8506 3012 1534 8470 9822 2288 3936 2986
229 9031 9198 6706 3650 5787 4298 5523 1055 2002 6140 8032 2057 6409 2160 8506 3012 1534 2643 2288 1668 6613
230 9198 6706 3650 141 6698 3536 3316 4554 4298 5523 6140 8032 8506 3012 1534 2288 8005 1668 2240
231 9198 3650 141 6698 3536 3316 4554 5523 1055 6140 2057 4662 4738 6413 3101 3012 1534 412 8005 1668 6613
232 9198 3650 141 6698 3536 4554 4298 2002 8032 4662 7617 3101 4234 1534 7791
233 9031 9198 3650 5787 141 6698 3536 4554 5523 1055 8032 2057 4662 3012 4234 7791 2240
234 9031 9198 6706 3650 5787 3316 4554 4298 1055 2002 6140 8032 3012 1534 8470 732 2643 8005
235 9198 3650 141 6698 3536 3316 4298 2002 6140 8032 2057 4662 6409 6242 6413 3101 3012
236 9198 3650 5787 141 3536 3316 4554 4298 5523 1055 2002 6140 2057 6413 3101 3012 2288 1668 6613
237 9198 6706 3650 141 6698 3536 3316 4554 4298 5523 1055 2002 6140 8506 1534 8470 2643 1668
238 9031 9198 3650 6698 3536 4554 4298 2002 8032 2057 4662 605 8506 3012 1534 8470 2643 412 2240
239 9198 3650 5787 141 6698 3536 3316 4554 4298 5523 1055 2002 6140 2057 6409 3012 2643 2288 1668
240 9031 9198 6706 3650 141 3536 3316 4554 4298 6140 8032 2057 3012 4234 8470 732 2643 1668 3936 2240
241 9198 3650 141 6698 3536 4554 5523 1055 2057 4662 6409 6242 6413 2160 8506 3012
242 9031 9198 6706 3650 5787 141 6698 3316 4298 1055 2002 6140 2057 4662 6409 6413 2160 1534 8470 7791 2288 8005 1668 6613 7652
243 9031 9198 3650 141 6698 3536 3316 4298 5523 2002 6140 8032 2057 4662 6242 5639 3012 1534
244 9031 9198 6706 3650 5787 141 6698 3536 3316 4554 4298 2002 6140 2057 3012 1534 8470 9822
245 9031 9198 3650 141 3536 1055 2002 6140 8032 2057 4662 6409 6242 6413 3101 1535 3012 2288 2240
246 9031 9198 6706 3650 141 6698 3536 3316 4554 5523 2002 6140 2057 6409 4738 3101 3012 8470 2643 2240
247 9031 9198 3650 5787 141 6698 3536 3316 4554 4298 5523 1055 2002 6140 2057 3012 1534 2643 1668 2240
248 9198 6706 3650 141 3536 4554 4298 1055 6140 2057 4662 3012 1534 8470 2643 2288 2240
249 9031 9198 6706 141 6698 3536 3316 4554 4298 5523 1055 6140 2057 6409 6413 3101 3012 4234 1534 8470 732 2643 1668
250 9031 9198 6706 3650 5787 3536 4554 4298 2002 2057 4662 6409 6413 3012 1534 2643 3316 5677 5458
251 9198 6706 3650 5787 6698 3536 3316 4298 1055 2002 8032 2057 6409 6413 3012 4234 1668
252 9198 6706 3650 5787 141 6698 3536 3316 4554 5523 1055 2002 6140 2057 3101 5639 3012 1534 8470
253 9198 3650 141 6698 3536 4554 4298 2002 6140 8032 4662 6409 6063 3012 4234 1534 2643 2288 8005 1668 2240
254 9198 3650 141 6698 3536 4554 4298 2002 8032 2057 4662 6413 3101 5639 3012 1534 8470 9215 2643
255 9198 6706 3650 6698 3316 4554 5523 2002 2057 4662 6409 6242 9122 7617 3101 8506 3012 4234 2929 2643 1668 2240 5715
256 6706 3650 141 6698 5523 1055 6140 8032 2057 4662 6409 6242 6413 9122 3101 3012 1534 2643 2288 1668
257 9198 3650 5787 141 3536 3316 4554 6140 8032 2057 4662 6409 6413 7617 3012 1534 8470 2643 7791 2240 6613
258 9198 3650 141 6698 3536 4554 4298 5523 1055 2002 6140 8032 3012 1534 8470 2643 5458 1668 79
259 9031 9198 6706 3650 5787 141 6698 3536 3316 4554 4298 5523 2002 6140 3012 1534 8470 9215 1668
260 9198 3650 141 6698 3536 3316 4554 4298 2002 8032 2057 4662 6409 6413 1535 1534 8470 2240
261 9031 9198 6706 3650 5787 141 6698 3316 4554 5523 2002 6140 8032 2057 4662 6409 3101 3012 1534 2643 412
262 9031 9198 3650 141 6698 3316 4554 4298 5523 1055 6140 8032 2057 4662 6409 3012 4234 8470 2643 2288 1668 6613
263 9031 9198 3650 5787 141 3536 3316 4554 4298 5523 1055 2002 6140 2057 8506 3012 1534 2288 8005
264 9031 9198 3650 141 6698 3536 4554 5523 6140 2057 4662 6409 6242 9122 6063 3012 1668 6613
265 9031 9198 6706 3650 6698 3536 4554 4298 5523 2002 6140 8032 3012 1534 8470 732 2643 3316 6778 1668 2240
266 9198 6706 3650 5787 141 3536 3316 4554 4298 5523 2002 6140 2057 6409 3012 4234 1534 2643 2288
267 9031 9198 3650 141 6698 3536 3316 4554 5523 2002 6140 2057 4662 6409 4738 6413 3101 8506 3012 2643 5677
268 9198 6706 3650 5787 6698 3536 3316 4554 4298 5523 1055 2002 2057 3012 8470 732 2643 1668 6613 7652
269 9031 9198 6706 3650 5787 141 6698 3536 4554 4298 5523 2002 2057 6409 3012 4234 1534 8005 6613 2240 7652 2
270 9198 3650 5787 141 6698 3536 3316 4298 2057 4662 6242 4738 6413 3101 3012 1534 2643 8005 6613 3936
271 9031 9198 6706 3650 5787 141 6698 3536 4554 4298 6140 2057 6409 8506 1668 2240
272 9031 9198 6706 3650 141 6698 4554 5523 2002 6409 9122 7617 3026 2160 1534 3316 2288
273 9198 3650 5787 3536 4554 4298 5523 1055 8032 2057 6413 8506 3012 1668 6613 2240
274 9198 6706 3650 141 6698 3536 3316 4554 5523 1055 2002 6140 2057 4662 6413 3101 1534 2929 2643 2240
275 9031 9198 3650 141 6698 3536 3316 4298 5523 1055 2002 8032 2057 4662 6413 3101 8506 3012 4234 1534 8470 2643 5677 412 2240
276 9198 6706 141 6698 3536 4554 4298 5523 2002 6140 8032 2057 2160 3012 1534 2643 8406
277 9031 9198 3650 5787 6698 3536 4554 5523 2002 6140 2057 4662 6409 6242 6413 3101 8506 3012 8470 2643 1668 5715
278 9198 141 6698 3536 3316 4554 5523 1055 2002 2057 4662 6409 9122 2160 3101 5639 5216 8506 3012 4234 2288 1668
279 3650 3536 4298 5523 2002 6140 2057 4662 6409 4738 7617 3026 3101 3012 4234 1534 8470 2643 3316
280 9198 6706 3650 141 3316 4554 4298 5523 8032 2057 4662 6242 3012 1534 2929 2643 6613 2240
281 9031 9198 3650 5787 141 6698 3536 4554 1055 2002 2057 6242 6413 7617 3012 2643 5715
282 9031 9198 6706 3650 5787 6698 3536 3316 4554 5523 1055 6140 2057 4662 3101 3012 2643 2288 1668 6613 2240
283 9198 3650 6698 3536 4298 5523 2057 6242 4738 9122 7617 5639 8506 3012 1534 412
284 9198 3650 5787 141 6698 3536 3316 4554 4298 5523 1055 2002 6140 2057 6409 3012 1534 1668
285 9031 9198 6706 3650 141 6698 3536 3316 4298 5523 2002 8032 2057 4662 6409 3101 8506 3012 2288 1668 2
286 9198 3650 5787 141 6698 3536 3316 4554 4298 8032 2057 4662 6413 3012 1534 8470 2288 2240
287 9031 9198 6706 3650 5787 141 6698 3536 3316 4554 5523 6140 8032 2057 8506 3012 1534 8470 2288
288 3650 141 6698 3536 4554 4298 5523 8032 2057 4662 6242 6413 3012 8470 3316 1668
289 9198 3650 5787 141 6698 3316 4554 1055 2002 6140 2057 6409 6242 6413 9122 3101 8506 3012 1534 412 2288 2240
290 9198 3650 6698 3536 3316 4554 4298 8032 4662 6242 2160 3012 2643 1668 6613 3936
291 9031 9198 6706 3650 6698 3536 4298 5523 6140 8032 2057 4662 6409 2160 3012 1534 8470 2643 8005
292 9198 6706 5787 6698 3316 4298 1055 2002 6140 8032 4662 6409 6242 6413 5639 8470 732 2643 2240
293 9031 9198 6706 3650 6698 4554 5523 2002 6140 8032 2057 4662 6242 6413 3101 8506 3012 1534 8470 2643 1668
294 9031 9198 3650 5787 141 6698 3536 3316 4554 4298 5523 1055 2002 2057 3101 8506 3012 1534 8470 412 2288 1668 2240
295 9031 9198 6706 3650 5787 141 6698 3316 4554 4298 5523 2002 8032 2057 6409 3012 1534 8470 732 2643 2288 6778 1668 6613
296 9198 3650 5787 141 6698 3536 3316 2002 6140 8032 2057 4662 6409 9122 2160 3101 3012 4234 1534 7791 1668 6613
297 9031 9198 3650 5787 141 6698 3536 4554 4298 1055 6140 2057 6409 5639 3012 1534 8470 2288 6778 2240
298 9198 3650 5787 6698 3536 3316 4554 4298 5523 1055 6140 2057 4662 6413 3012 4234 1668 2240
299 9031 9198 3650 5787 6698 3536 4554 4298 1055 2002 6140 2057 6409 3101 5639 3012 1668
300 9198 3650 5787 6698 3316 4554 4298 1055 2002 6140 8032 2057 4662 6409 3012 1534 8470 5677 1668 2240
301 3650 5787 141 6698 3536 3316 4554 4298 6140 2057 4662 6242 6413 3101 3012 1534 8470 2643 412
302 9198 3650 5787 6698 3316 4554 4298 5523 6140 8032 2057 4662 6409 6413 7617 3012 4234 1534 8005 1668
303 9031 9198 6706 3650 3536 3316 4554 4298 8032 2057 4662 6409 3012 4234 1534 2643 2240
304 9198 6706 3650 141 6698 3536 4554 4298 1055 6140 2057 6413 3101 3012 8470 3316 2288 2240
305 9031 9198 6706 3650 141 6698 3536 3316 4298 1055 2002 6140 2057 4662 7617 3012 4234 2643
306 9198 3650 5787 141 6698 3316 4298 2002 6140 8032 2057 6409 6413 9122 7617 2160 3012 4234 1534 2643 412 2288
307 9198 3650 6698 3536 4298 1055 6140 8032 2057 4662 6409 6242 3101 2240
308 9031 9198 6706 3650 6698 3316 4554 4298 5523 1055 6140 2057 4662 6409 6413 3101 5639 3012 1534 8470 2643 2288 2240
309 9198 6706 141 6698 3536 3316 4554 4298 5523 8032 2057 4662 2160 3012 1534 8470 1668 2240
310 9198 3650 141 6698 3536 4554 4298 5523 6140 8032 2057 4662 6409 3012 1534 8470 2643 4457 2288
311 9198 3650 6698 3536 3316 4554 4298 8032 4662 4738 3101 3012 1534 8470 7791 1668
312 9198 3650 141 3536 3316 4554 1055 2057 4662 9122 3026 3101 5639 3012 4234 2240
313 9198 3650 6698 3536 3316 4298 2002 8032 2057 4662 6242 4738 5639 3012 6613 2240
314 9198 6706 3650 141 6698 3536 3316 4554 4298 5523 6140 2057 4662 6413 8506 3012 4234 1534 8470 2643 8005
315 9031 9198 6706 3650 5787 141 6698 3536 4554 5523 6140 2057 6242 3101 3012 4234 1534 732 2643 412 1668
316 9031 9198 3650 6698 3536 3316 4554 4298 1055 2002 8032 2057 4662 3012 1534 2643 6613 3936
317 9031 9198 6706 3650 5787 6698 3536 3316 4554 5523 2002 6140 8032 2057 6413 3012 4234 732 5677 412 2288 2240
318 9198 3316 4554 4298 5523 2002 6140 8032 2057 4662 6409 6242 9122 3101 5639 3012 1534 8470 2643 412 1668 2240
319 9198 6706 3650 141 6698 3536 4554 4298 1055 2002 6140 2057 8506 3012 4234 1534 2643 6613
320 9031 9198 3650 5787 6698 3536 3316 4298 1055 2002 6140 8032 2057 4662 3101 3012 1534 2643 412 2240
321 9031 9198 3650 141 6698 3536 4298 5523 8032 2057 4662 6242 7617 3101 3012 1534 2643 2288 6613 3936
322 9031 9198 6706 3650 6698 3536 3316 4298 5523 6140 2057 4662 4738 7617 3012 4234
323 9198 6706 3650 141 6698 3536 3316 1055 8032 2057 4662 6413 9122 3101 1535 3012 5715
324 9031 9198 6706 141 6698 3536 4554 4298 2002 8032 2057 4662 6409 3012 1534 9822 2288 1668 3936
325 9031 9198 6706 3650 141 6698 3536 3316 5523 2002 6140 2057 4662 6409 6242 6413 7617 3101 5639 3012 2643 1668
326 9198 141 6698 3536 3316 4554 4298 2002 6140 8032 2057 4662 9122 3101 3012
327 9031 9198 6706 3650 5787 141 6698 3536 4554 5523 1055 2002 4662 6413 3012 1534 1668 6613
328 9198 3650 5787 141 3536 3316 4554 5523 2002 6140 8032 2057 4662 6409 3101 8506 3012 4234 1534 8470 2643 2288 2240
329 9031 9198 3650 5787 6698 3536 3316 4298 2002 6140 8032 2057 4662 6409 2160 3101 3012 1534 8470 7791 5715
330 9198 141 3536 4554 4298 2002 6140 4662 6409 6242 4738 8506 3012 1534 8005 6613 2
331 9031 9198 3650 141 6698 3536 3316 4554 4298 5523 6140 8032 2057 6409 6413 3101 3012 1534 2643 1668 6613 3936
332 9031 9198 3650 141 6698 3536 4298 2002 6140 8032 2057 4662 6242 6413 3101 3012 1534 412 3936
333 9198 3650 5787 6698 3536 3316 4554 4298 5523 2002 6140 8032 2057 6409 3012 4234 8470 2643 7791 2288 1668 6613 3936 5715
334 9031 9198 6706 3650 5787 141 6698 3316 4298 1055 8032 2057 4662 7617 3012 1534 2643 1668 6613
335 9031 9198 6706 3650 3536 4554 4298 1055 2002 6140 2057 6413 3101 3012 4234 1534 8470 732 2288 3936
336 9031 9198 6706 3650 141 6698 3536 3316 4554 4298 1055 2002 2057 3101 8506 3012 8005 1668 6613 2240
337 9198 6706 3650 141 6698 3316 4554 4298 2002 2057 4662 6409 6242 6413 2160 3012 1534 2643 2
338 3650 5787 141 6698 3536 3316 5523 8032 2057 4662 6409 6242 4738 6413 3101 3012 4234 6613 2240
339 9198 6706 3650 141 3536 4298 5523 1055 2002 6140 8032 2057 6413 8506 3012 1534 3316
340 9198 3650 6698 3536 3316 4554 4298 5523 1055 6140 8032 2057 6409 3101 3012 1534
341 9031 9198 6706 3650 5787 141 6698 4554 4298 5523 1055 2057 4662 6409 3012 1668 2240
342 9031 9198 6706 6698 4554 4298 5523 1055 2002 8032 2057 4662 7617 5639 3012 6613
343 9031 9198 6706 3650 141 6698 3536 4554 4298 5523 1055 2002 2057 8506 3012 1534 2643 1668 6613
344 9031 9198 6706 3650 141 6698 3536 3316 4298 5523 8032 2057 4662 6409 6413 8506 5155 3012 1534 2288 8005 1668 5715
345 9198 6706 3650 5787 141 6698 3536 5523 1055 8032 2057 4662 6409 6413 1535 3012 2643 2288
346 9031 9198 6706 3650 5787 141 6698 3536 3316 4554 4298 5523 2002 6140 3012 4234 1534 8470 2643 412
347 9031 9198 141 6698 3316 4298 5523 1055 6140 8032 2057 4662 6409 6242 6413 9122 3012 4234 1534 8470 732 2643 1668
348 9031 9198 6706 3650 6698 3536 4554 4298 5523 1055 6140 4662 3012
349 9198 3650 5787 141 6698 3536 3316 4554 4298 2002 6140 2057 6242 3101 8506 3012 2643
350 9031 9198 3650 5787 6698 3536 3316 4554 4298 5523 6140 8032 2057 6413 3012 1534 8470 9822 412 8005 1668 6613 8406
351 9198 3650 141 6698 3536 3316 4554 1055 2002 6140 8032 2057 4662 6409 3101 8506 3012
352 9198 6706 3650 141 6698 3536 3316 4554 4298 1055 2002 6140 2057 3101 3012 2643
353 9031 9198 3650 3536 3316 4554 4298 1055 8032 2057 4662 6409 8506 3012 1534 2288
354 9198 3650 141 6698 3536 3316 4554 4298 5523 1055 6140 8032 2057 3012 4234 1534 2240
355 9031 9198 3650 5787 141 6698 3536 4554 4298 5523 6140 8032 2057 3012 8470
356 9198 3650 5787 6698 3536 3316 4554 4298 5523 1055 6140 2057 4662 6409 3012 8470 2288 1668 3936 5715
357 9031 9198 6706 3650 6698 3536 4554 4298 5523 1055 2057 4662 8506 1534 8470 412
358 9198 3650 141 6698 3536 3316 5523 1055 2002 6140 8032 2057 4662 6409 4738 8506 3012 8470 2643 1668 6613
359 9031 9198 6706 3650 5787 141 6698 3536 4554 4298 1055 3012 1534 8470 9215 2643 3316
360 9198 6698 3536 4554 4298 6140 8032 2057 4662 6409 6242 6413 3101 8506 3012 2288 2240
361 9031 6706 3650 3536 4554 4298 1055 8032 4662 8506 3012 1534 2643
362 9198 5787 141 6698 3536 4554 4298 5523 2002 6140 8032 2057 6409 6413 3101 8506 3012 1534 2643 8005 1668 6613
363 9198 6706 3650 141 6698 3316 4298 5523 2002 6140 8032 2057 4662 6242 6413 3101 8506 3012 1534 8470 2643 2240
364 9031 9198 3650 141 6698 3536 3316 4554 4298 5523 2002 6140 2057 4662 6409 6413 5639 8506 3012 1534 8470 9822 412
365 9198 6706 3650 5787 141 6698 3536 3316 4554 4298 5523 6140 2057 6409 3012 1534 8470 2929 2643 6613 3936
366 9198 6706 3650 5787 6698 3536 3316 4554 4298 5523 1055 2002 2057 3012 9215 2643 5715
367 9198 3650 141 6698 3316 4554 4298 6140 8032 2057 6409 6242 6413 2160 3101 3012 1534 8470 2643 7791 1668 6613 2
368 9031 9198 3650 5787 6698 3536 3316 4298 5523 1055 6140 8032 2057 4662 6409 3012 1668 6613
369 9031 9198 3650 5787 141 6698 4554 4298 5523 2002 6140 8032 2057 6413 7617 3012 4234 8470 2
370 9198 3650 5787 141 6698 3536 3316 4298 8032 2057 4662 6409 6242 6413 8506 3012 1668
371 9198 3650 5787 6698 3536 4554 4298 5523 2002 8032 2057 4662 5639 3012 1534 412
372 9198 6706 3650 5787 141 6698 3536 3316 4554 4298 5523 1055 3012 4234 8470 732 2643 2288 1668
373 9198 6706 3650 6698 3536 3316 4554 1055 2002 6140 8032 2057 6413 3101 8506 3012 4234 2288
374 9031 9198 6706 3650 5787 3536 3316 4554 5523 1055 2002 2057 6242 8506 3012 1534 8470 8005 6613 2240
375 9031 9198 6706 3650 5787 6698 4554 4298 6140 8032 2057 6409 2160 3012 1668 6613 2240
376 9198 6706 3650 5787 6698 3536 3316 4554 4298 2002 8032 2057 3012 8470 732 2643 1668 6613
377 9198 3650 141 6698 3536 3316 4554 4298 6140 2057 4662 6413 9122 3101 1535 3012 1534 8470 2643 1668 2240
378 9198 3650 5787 141 6698 3536 4554 4298 5523 6140 2057 4662 6413 3101 5639 3012 4234 1534 8470 732 2288 8005
379 9031 9198 3650 5787 141 3536 3316 4554 4298 5523 2002 8032 2057 6409 3012 4234 1534 2643 8005 1668 6613 2240
380 9198 3650 5787 6698 3536 4554 4298 8032 2057 4662 7617 3012 1534 8470 2643 2288 8005 1668 6613
381 9031 9198 6706 3650 6698 3536 3316 4554 4298 5523 2002 6140 8032 3012 4234 2643 412 8005 2240
382 9198 6706 5787 141 6698 3536 3316 4554 4298 1055 2002 6140 2057 3101 3012 1534 8470 2929 2643 1668 6613
383 9031 9198 6706 3650 5787 6698 3316 4298 5523 1055 8032 2057 4662 6413 3101 5639 8506 3012 8470 2288 1668 6613 2240 5715
384 9198 6706 3650 5787 141 6698 3536 3316 4554 4298 5523 2002 6140 2057 8506 3012 1668 6613
385 9198 6706 3650 5787 141 6698 3536 3316 5523 6140 8032 2057 4662 6409 6413 7617 3012 1534 8470 2643 5677 1668
386 9031 9198 6706 3650 5787 141 6698 3316 4298 1055 6140 8032 6413 7617 3101 3012 1534 2288 8005
387 9198 5787 141 6698 3536 3316 4554 4298 1055 6140 2057 4662 6413 7617 3012 1534 8470 2643 7791 5677 2288 1668 6613
388 9198 6706 141 6698 3536 4554 4298 1055 6140 2057 6409 6242 3012 4234 2643 8005
389 9031 9198 6706 3650 5787 6698 3536 3316 4554 4298 5523 2002 6140 2057 3101 3012 1534 9215 2288 2240
390 9031 9198 6706 3650 5787 141 6698 3536 4554 4298 1055 3012 1534 8470 9215 2643 3316
391 9031 9198 3650 6698 3536 3316 4554 4298 5523 1055 2002 6140 8032 2057
392 3650 5787 6698 3536 3316 4554 4298 5523 6140 8032 2057 6409 7617 3101 3012 1534 8005 1668 1774
393 6706 3650 5787 141 6698 3536 3316 4554 4298 5523 2057 4662 6413 5216 4234 1534 8470 732 2643 6613
394 9031 9198 3650 5787 141 6698 4554 4298 5523 1055 2002 6140 8032 6409 3012 1534 2643 1668 3936
395 9031 9198 3650 5787 141 6698 3536 4298 6140 8032 2057 4662 6409 6413 3101 8506 3012 4234 1534 8470 732 1668 6613
396 9198 3650 141 4554 1055 6140 8032 2057 4662 6409 4738 2160 3012 4234 1534 5677 3936 2240
397 9031 9198 6706 3650 6698 3536 3316 4554 1055 2002 6140 8032 2057 3101 8506 3012 1534 8470 2643 2240
398 9198 6706 3650 141 6698 3536 4554 4298 1055 2002 2057 4662 3012 1534 8470 1668 5715
399 9031 9198 6706 3650 5787 141 3536 3316 4554 4298 6140 2057 6413 3101 1534 8470 2929 1668 2240
400 9198 3650 5787 141 6698 3536 3316 4554 4298 1055 6140 2057 4662 3012 1534 8470 732 2643 7791 2240
401 9031 9198 3650 5787 141 6698 3536 4554 4298 1055 2002 6140 2057 3101 3012 1534 8470 2643 2288 8005
402 9031 9198 3650 5787 6698 3536 4554 5523 1055 2002 6140 2057 6409 6242 6413 4234 1534 8470 7791 6613 2240
403 9198 141 6698 3316 4554 5523 6140 2057 4662 6242 7617 5227 2160 3101 605 5216 3012 1534 8470 2643 2288 1668 6613 2240 79
404 9031 9198 6706 3650 5787 6698 3536 3316 4554 4298 5523 1055 2057 3012 4234 1534 2643 1668 6613
405 9198 3650 141 6698 3536 4554 1055 2002 8032 2057 4662 6409 7617 8506 3012 1534 2288
406 9031 9198 3650 6698 3536 3316 4554 4298 1055 2002 6140 8032 2057 3101 3012 1534 2240
407 9198 6706 3650 5787 141 6698 3536 1055 2002 6140 2057 4662 6242 6413 3101 3012 2643 2
408 9031 9198 3650 5787 141 6698 3536 4298 5523 6140 8032 2057 4662 6409 6413 3101 3012 1534 8470 2643 5458 6613 7652
409 9031 9198 6706 3650 5787 3536 4298 1055 2002 6140 8032 2057 3012 4234 8005 1668 6613
410 9031 9198 3650 5787 141 6698 3316 4554 4298 5523 8032 2057 6409 9122 5216 3012 1534 8470 1668 6613
411 9198 6706 3650 141 6698 3536 3316 4554 4298 1055 2002 2057 4662 3012 1534 8005
412 9031 9198 6706 3650 141 6698 3536 3316 4554 2002 6140 2057 6409 6242 6413 3101 5639 4234 1534 8470 2643 5677 2288 8005 1668 6613
413 9031 9198 6706 3650 6698 3536 4554 4298 5523 6140 8032 6409 1534 8470 2643 7791 412 8005 2240
414 9198 3650 141 3536 3316 4554 4298 5523 2002 8032 2057 4662 6409 3101 5639 3012 1534 2643 1668
415 9031 9198 6706 3650 141 3536 3316 4298 5523 2002 2057 4662 6242 7617 1535 3012 4234 1668 6613
416 9198 3650 141 6698 3536 3316 4554 4298 6140 8032 2057 4662 6409 6413 3012 4234 1534 8470 2240
417 9031 9198 6706 3650 5787 141 6698 3536 3316 4554 2002 6140 8032 2057 8506 3012 1534 5677 6613
418 9198 6706 5787 6698 3316 4298 5523 6140 8032 2057 4662 6409 9122 7617 5639 1535 1534 8470 732 2643 5099 6613 3936
419 9031 9198 6706 3650 5787 3536 3316 4554 4298 1055 2002 6140 3012 1534 8470 2643 412 2240
420 9198 3650 141 6698 3316 4554 4298 5523 1055 2002 8032 4662 6409 6413 3101 8506 3012 4234 1534 8470 2643 7791 1668 6613
421 9031 9198 3650 5787 141 6698 3536 4554 5523 2002 6140 8032 2057 4662 6409 3012 4234 2643 8005 6613
422 9198 6706 3650 141 6698 3316 4554 4298 5523 1055 2002 6140 4662 6409 3101 5639 3012 4234 6613
423 9198 3650 5787 141 6698 3536 3316 4554 4298 5523 6140 2057 4662 6409 3101 5639 3012 4234 1534 2288 8005 1668 5715
424 9198 3650 141 6698 3536 3316 4554 4298 1055 2002 2057 6409 6242 6413 8506
425 9031 9198 6706 3650 5787 141 6698 3536 3316 4298 5523 2002 6140 8032 2057 3012 1534 8470 9215 2643 2240
426 9198 6706 3650 5787 141 6698 3536 3316 4554 4298 6140 2057 4662 3012 1534 2643 2
427 9031 3650 5787 6698 3536 3316 4554 4298 5523 2002 6140 8032 2057 4662 3012 1534 2643
428 9031 9198 6706 3650 5787 141 6698 3536 3316 4554 4298 2002 6140 2057 3012 4234 1534 2643 7791 412 2288 3936 2240
429 9031 9198 3650 5787 6698 3536 3316 4554 4298 5523 6140 8032 2057 6409 3012 4234 1534 732 2643 5677 412 2240
430 9198 3650 141 6698 3536 4554 5523 6140 8032 4662 6409 9122 3101 5639 3012 8470 7791 5677 412 2240 2
431 9198 6706 3650 141 6698 3536 3316 4554 5523 1055 2002 6140 8032 2057 3012 1534 2643 8005 1668
432 9031 6706 3650 5787 6698 3536 3316 4554 4298 5523 2002 2057 9122 5639 3012 1534 8470 412 2240
433 9031 9198 3650 5787 6698 3536 4298 2002 8032 2057 4662 6242 6413 3101 3012 1534 8470 9215 1668 6613 7652
434 9031 6706 3650 5787 141 6698 3536 4554 4298 1055 2002 2057 8506 3012 1534 2643 8005 1668 6613
435 9198 6706 3650 141 6698 3536 3316 4554 4298 5523 2002 6140 2057 4662 6409 3012 1668
436 9198 6706 3650 5787 3536 3316 4554 4298 1055 2002 6140 2057 3012 4234 1534 2643 8005
437 9031 9198 3650 141 3316 4554 4298 2002 8032 2057 6242 6413 9122 3101 4234
438 9031 9198 3650 5787 141 6698 3536 3316 4554 4298 5523 1055 2057 4662 3012 1534 8470 2643 2288 8005
439 9198 3650 6698 3316 4554 4298 5523 2002 6140 8032 2057 4662 6242 6413 5216 3012 4234 1534 8470 2643 2240 2
440 9031 9198 5787 141 6698 3536 4554 5523 1055 2002 6140 8032 2057 4662 6409 3012 1534 8470 3316 2240
441 9198 3650 141 6698 3536 4554 4298 5523 6140 8032 2057 4662 6409 3012 1534 2929 6613
442 9198 6706 3650 141 6698 3536 3316 4554 4298 5523 2057 6409 6413 9122 3012 8470 2643 7791 2288 8005
443 9198 3650 6698 3316 4554 2002 6140 8032 2057 4662 6242 4738 6413 3101 6063 3012 1534 8470 9215 412 1668
444 9198 3650 5787 3536 3316 4554 4298 5523 6140 8032 2057 4662 8506 3012 8470 2288 6613 3936
445 9198 6706 3650 5787 141 6698 3536 3316 4298 5523 1055 2002 6140 2057 4662 3012 2643 1668 6613 5715
446 9198 6706 3650 3536 3316 4554 4298 1055 8032 2057 6413 3012 4234 1534 8470
447 9031 9198 3650 141 6698 3536 3316 4298 1055 2002 6140 8032 2057 4662 6413 3101 3012 4234 1534 8470 2643 2288 8005
448 9198 3650 5787 141 6698 3536 4554 4298 5523 2002 6140 8032 2057 3012 1534 2643 2288 8005
449 9031 9198 3650 6698 3536 3316 4554 4298 1055 2057 4662 6413 9122 3101 2240
450 9031 9198 6706 3650 141 6698 3536 3316 4554 4298 1055 6140 2057 6413 2643
451 9198 6698 3536 4554 1055 2002 8032 2057 4662 6409 6242 9122 3012 4234 8470 2240
452 9031 9198 6706 3650 5787 141 6698 3536 3316 4554 4298 6140 2057 6409 3012 8470 2929 8005 1668 2240
453 9198 6706 3650 5787 141 6698 3536 3316 4554 4298 5523 2002 6140 2057 8506 3012 2288 1668
454 9031 9198 6706 3650 141 6698 3536 3316 4554 4298 1055 2002 6140 3012 9215 732 2643 9979
455 9198 6706 3650 141 6698 3536 3316 4554 5523 2002 6140 8032 2057 4662 6413 3012 4234 2288 1668 2240
456 9198 6706 3650 141 6698 3536 3316 4554 4298 1055 6140 2057 6409 5639 3012 1534 2240
457 9031 9198 3650 141 6698 3536 3316 4554 4298 2002 6140 8032 2057 4662 3012 4234 1534 2643 2288 1668
458 9198 6706 3650 141 6698 3536 4554 4298 5523 1055 6140 2057 6413 3012 1534 412 2288 1668 3936 2240
459 9198 6706 3650 141 6698 3536 4554 5523 1055 2002 2057 6242 6413 8506 6063 3012 2643 8005 1668
460 9198 6706 3650 5787 3536 3316 4554 2002 8032 2057 4662 6409 3101 5639 3012 8470 2929 2643 2288 2240
461 9198 3650 5787 141 6698 3536 3316 4554 4298 1055 2002 6140 2057 6409 6413 3012 1534 2643 8005 2
462 9031 9198 3650 6698 3536 3316 4554 4298 1055 2002 6140 8032 2057 3101 3012 1534 2240
463 9198 6706 3650 141 6698 3536 3316 1055 2002 6140 2057 4662 6242 6413 2160 3101 3012 1534 8470 732 2643 5677 412 2288 1668 6613
464 9198 3650 5787 141 6698 3536 3316 4554 5523 1055 2002 6140 8032 6409 6413 1534 2643 1668 6613
465 9031 9198 3650 141 6698 3536 3316 4554 4298 5523 6140 8032 2057 4662 3012 1534 8470 2643 7791 1668 6613 3936
466 9031 9198 3650 6698 3536 3316 4554 4298 8032 2057 6242 5639 5216 8506 3012 4234 8005 7438
467 9031 9198 3650 141 6698 3536 3316 4554 4298 5523 1055 2002 6140 2057 4662 3012 9215 1668 3936
468 9198 3650 3536 3316 4554 4298 5523 1055 8032 4662 6413 3101 8506 3012 4234
469 9198 6706 3650 141 6698 3536 4554 4298 5523 1055 2002 2057 6413 8506 3012 7791 3936 2240
470 9031 9198 3650 6698 3316 4554 4298 6140 8032 2057 4662 6409 6242 2160 3012 4234
471 9198 3650 141 3536 3316 4554 4298 5523 2002 8032 2057 4662 6409 6413 5639 3012 1534 8005 2
472 9031 9198 3650 5787 141 6698 3536 3316 4298 1055 2002 6140 8032 2057 6409 6413
473 9031 9198 6706 3650 141 3536 3316 4554 4298 8032 2057 6409 6413 3012 4234 1534 2643
474 9198 6706 141 6698 3536 3316 4554 5523 2002 8032 2057 4662 6409 4738 3012 6613 5715
475 9198 6706 3650 141 6698 3536 3316 4554 4298 6140 2057 4662 7617 3012 4234 1534 2643 1668 6613
476 9031 9198 3650 5787 6698 3536 3316 4298 6140 2057 4662 9122 7617 3101 5639 8506 6063 3012 8470 9215 2643
477 9198 3650 5787 141 6698 3536 3316 4554 4298 5523 2002 8032 2057 6413 5639 3012 2288
478 9031 9198 3650 141 6698 3536 4554 4298 5523 8032 2057 4662 6409 6413 3012 8470 732
479 9198 6706 3650 5787 6698 3316 4554 4298 5523 8032 4662 605 4234 1534 2643 7791
480 9198 3650 141 6698 3536 3316 4554 1055 6140 8032 2057 4662 6409 3101 5639 8506 3012 1534 8470 1668
481 6706 3650 141 6698 3536 3316 4298 5523 2002 6140 8032 2057 4662 6409 6413 3101 5639 3012 1534 8470 2288 6613 2986
482 9198 141 6698 3536 3316 4554 5523 2002 6140 2057 4662 6409 6242 4738 7617 3012 1534 8470 7791
483 9198 3650 141 6698 3536 3316 4554 4298 5523 1055 2002 8032 2057 6409 2240
484 9031 9198 3650 5787 6698 3536 4554 4298 1055 8032 2057 8506 3012 1534 2643 412 1668
485 9031 9198 3650 141 6698 3536 3316 4298 5523 6140 2057 4662 6242 4738 6413 3012 4234 2288 1668
486 9031 9198 3650 5787 141 6698 3536 3316 4554 5523 1055 6140 8032 2057 6413 3012 1534 8470 2643 5677 412 2288 1668
487 9031 9198 3650 6698 3536 4554 4298 5523 6140 8032 2057 4662 3101 5639 3012 4234 8470 1668 6613
488 9198 3650 5787 141 6698 3536 3316 4554 5523 1055 2002 6140 8032 6409 3101 3012 8470 8005 1668
489 9198 3650 6698 3536 3316 4554 4298 2002 8032 2057 4662 6409 7617 3101 3012 1534 8470 2288 79
490 9031 9198 3650 5787 141 3536 5523 6140 2057 6409 4738 9122 5227 8506 3012 1534 8470 6613 2240
491 9031 9198 6706 3650 5787 141 6698 3536 3316 4554 4298 5523 2057 5216 1535 1668 6613
492 9198 6706 3650 5787 141 3536 4554 4298 2002 6140 2057 6409 3101 3012 1534 8470 9215
493 9031 9198 141 6698 3536 3316 4554 4298 1055 2002 8032 2057 6409 6413 3101 1535 8506 3012
494 9031 9198 6706 3650 141 6698 3536 3316 4554 5523 1055 6140 2057 6413 7617 3101 3012 4234 1534 2643 6613
495 9198 6706 6698 3536 3316 4554 5523 2002 6140 8032 2057 4662 6409 6242 6413 3012 1534 732 2643 6778 1668 6613
496 9031 9198 6706 3650 5787 141 6698 3536 3316 4298 5523 1055 6140 2057 2160 3012 1534 8470 2643 6613 2240
497 9198 6706 141 6698 4554 4298 1055 2002 6140 8032 2057 6413 2160 3101 3012 4234 1534 2643 3316 79
498 9198 6706 3650 5787 3536 4554 4298 5523 1055 6140 2057 3012 4234 1534 8470 2643 8005 2240
499 9031 9198 3650 141 3316 4554 4298 5523 1055 2002 2057 6409 6242 6413 9122 3012 732 2643 8005 1668
