100
0 281 42 0 6 7 1 1108 432 3223 36 5 19 180 15 46 5412 28 1368 3 34 8 709 138
1 281 278 25 1 6 0 11 2 9903 8 464 21 454 114 180 19 7 1434 709 1572 3198 176 138 1089 1290
2 32 8 0 67 7 4 71 11 16 1 17 25 9 18 412 2 13 456 23 253 5990 2848 3244 2264
3 14 9 8 585 40 8733 1054 68 1 244 0 21 1759 2 433 11 4630 81 16 4 9711 4138 5350 1606 121 1671 155 3097
4 225 229 25 47 384 0 2 27 239 39 2132 11 21 1863 14 38 28 1601 1 4025 15 5 779 9 6514 8 2818 859 120 138 1502 7055 1310
5 0 63 7 119 1966 10 8 32 332 116 439 2 48 452 5014 330 186 164 262 40 2498 1 3 112 62 5 4 11 19 1610 2076
6 32 0 225 229 4 62 31 71 10 1414 16 585 61 40 1 17 25 9 332 19 1054 845 247 5014 3208 253 288 164 2177 3244
7 67 96 0 2 49 2385 6 38 1119 406 4 50 63 1 3 1156 3223 1027 5 26 15 28 5990 1315 621 1310 2264
8 63 119 278 25 1 32 0 8 23 9903 464 3 19 16 2 137 58 9547 240 29 2769 41 65 1225 1495
9 4253 31 1414 16 0 5 9 1 2 33 293 10 2178 175 13 4 7 5226 6643 1313 1283 6729 859
10 8 28 1436 4 1363 203 71 1 17 25 9 0 40 3208 253 33 9798 2 22 2844 222 26 1390 15 836 24 176 2848 3244 859 138 5926
11 8 28 1436 7 3 4 2 1 11 0 24 6 456 50 18 7884 651 51 663 236 2844 3975
12 32 0 31 1414 16 61 1 1251 6169 845 322 2385 53 288 2 94 117 3 23 29 175 28 2177 708 3756
13 6 109 2546 4 50 8 1156 0 26 10 342 39 33 9677 12 1042 2 1 9 3 74 28 2264
14 0 55 2 89 24 4104 17 1190 71 5850 1 143 18 7884 236 38 1378 46 264 550 15 35 3 50 231 9 4 74 5 72 653 303 355 6604 1315 9559
15 22 63 52 119 10 16 3 32 332 0 47 13 8 5 2065 2684 54 5014 7 2 26 138 164 46 1583 406 1161 103 725
16 2385 0 38 74 22 11 4848 303 1 6031 258 264 612 119 848 807 142 4 12 3 8365 5429 1315 621
17 28 1436 9 2 33 9798 8 0 2844 13 222 1 12 6643 48 3 454 6249 7 7192 5 4 962 2406 587 27
18 0 1 18 1251 6169 322 53 94 3 1687 111 2 778 701 6 286 4152 189 3626 56 9 8 708 3831
19 67 31 1 203 17 1190 71 13 143 9 1119 46 0 15 35 12 24 231 5 3 4 1966 4430 194 6697 346 5990 155
20 26 356 62 148 19 0 1 2 247 5154 2178 210 4 39 11 662 1039 1290 15 14 1283 214 64 115 495 137 107 27 2153
21 6 0 3684 33 9 109 5728 439 412 48 452 4 2546 2863 8 262 406 50 18 5 63 3 23 342 1954 155 2848 1482 2264
22 73 67 96 0 4 1363 203 2 71 9 1 17 8733 25 412 49 23 3208 253 50 859 27 5990
23 1 4 4211 71 17 1190 42 25 9 0 278 2 3208 143 253 31 22 6 8 46 7 15 355 725 3244
24 32 0 67 3 4 31 1 16 651 663 8 330 186 23 9 40 1119 12 5 13 11 1954 2264 3756
25 6 12 109 129 2546 140 101 8 266 0 10 115 4 342 1235 130 193 5 2 9677 7685 1 9 1001 138 74 1134 69 2264
26 26 28 1436 148 25 6 0 11 1 2 8 9798 2178 2844 4 222 406 5 63 21 3 1290 5526
27 63 3 119 609 1 582 10 32 332 0 99 8 23 5014 651 663 431 164 12 13 19 65 7624
28 0 55 89 42 8973 4104 272 4 3 5850 1 2385 7 1378 264 550 419 2882 1108 432 5 19 23 6604 621
29 0 55 1 4211 89 4104 42 9 17 278 5850 33 2684 31 38 6 1378 13 264 7 550 67 193 5999 3 303 6604 1315 138 2153
30 42 1363 10 4 9 332 33 2385 5014 0 7 2 164 13 26 1390 1 836 1108 432 12 6643 48 112 36 19 621 2848 7624 9517
31 8 5 3618 1506 10 9 47 585 40 8733 4 332 1054 5014 68 2 50 1 1530 164 66 244 39 0 354 14 2882 1320 19 176 7624 3097
32 281 7 0 31 11 1414 4 1 2 6 456 8 82 2883 175 21 25 2458 10 9 3975 5921
33 22 52 31 2 1 582 0 24 54 18 7884 7 236 138 66 9 39 103 14 405 1257 151 2624 50 446 990 3600 1954 2848 3097
34 0 55 3140 89 4104 17 1190 5038 10 71 5850 1 143 3 322 1378 46 264 550 15 35 3711 12 9 355
35 8973 272 3 419 2 297 23 1959 88 19 0 28 118 123 646 42 29 6137 14 108 64 9957 1 35 8 476
36 26 148 1 66 39 406 63 14 3 2 1290 0 1027 15 118 328 4129 7437 9 27 5526
37 26 0 3140 148 2 18 10 439 1 48 452 510 38 322 262 1687 230 286 1290 7433 5 303 121 1737 3097
38 14 8 585 40 1054 1 0 21 1759 68 2 4630 16 9711 6 1606 2360 7 12 5 3 25 1937 4 337 121
39 1854 10 1 1251 322 8 94 3 68 5 46 2 701 209 186 189 34 12 1743 172 56 99 183 2503 1927 2383 9 166 1954 155 468 583 1671 5921
40 0 225 229 62 16 19 439 47 48 247 452 3 5154 10 2 26 384 262 1583 210 39 27 7 21 1790 2818 1502
41 7 4253 62 11 16 0 5 1 5038 19 412 456 247 5154 10 82 2883 210 39 18 21 25 1039 1790 725 554 2848 138
42 0 3 582 42 131 62 19 73 247 5154 7 46 1 210 39 1108 1039 432 1257 151 2624 3711 27 36 446 990 138 4977 1290 708
43 28 1436 609 0 6 99 11 412 9798 2844 222 18 21 23 9 12 4 114 19 8 2848 138
44 10 9 332 0 6169 33 5014 53 50 3 51 164 46 13 175 1 111 778 6 6643 3711 48 7 112 708 138 1290 7624 1263 1310
45 1 225 4211 4253 229 5 42 0 4 17 6 278 11 293 50 31 51 8 47 330 186 27 6729 5921 1502
46 3 1 42 1363 4 0 6169 9 83 5 2065 53 651 33 7 663 2 12 26 1502 708 2848 2591 9517 1263
47 12 67 225 229 25 61 845 129 0 288 2 47 384 140 29 1119 101 4 50 27 1 239 1156 2132 5990 14 2264 1502
48 0 55 3684 33 5973 609 89 4104 16 9 5728 99 5850 2 1 10 4 2863 51 1378 2178 264 550 7 3 316 6604 138
49 762 3 6 1 14 4 141 8973 8 272 0 6169 53 651 663 12 419 778 708 1671 3097
50 12 3 89 3140 1 10 6 1857 332 129 5014 0 651 663 8 2 140 164 4046 322 101 193 1610 2591
51 0 1 9234 28 33 4 2 8783 9 63 725 2818
52 225 229 50 51 47 384 175 0 2 27 239 1 7 5299 270 11 19 389 301 1601 4025 5 498 9 25 16 120 2818 138
53 0 55 28 1436 609 89 4104 2 6 99 11 5850 1 510 9798 38 1378 26 2844 264 222 550 21 230 3 7433 114 19 6604 138
54 12 1506 42 62 47 0 61 19 412 845 129 2684 247 5154 288 2 7 50 140 29 210 101 39 67 193 138 2848 1263
55 0 55 7 1966 89 31 1414 4104 2 8 4 116 6169 5 5850 1 53 510 1378 175 26 264 550 6 3244
56 32 0 4 31 71 1414 16 1 17 25 9 2385 3208 253 8 38 22 23 175 5 10 391 303 1954 155 1315 621 3244 3756
57 7 42 11 25 0 1 9 6169 33 456 2684 53 82 2883 13 4 50 67 21 778 432 268 708 176 9517 3975
58 0 55 41 89 31 2 1414 4104 36 5850 1 3 8 1378 46 175 264 550 5 10 2012 3711 112 299 7170 1954 155 6604 138
59 4 9 2 65 167 21 323 0 5 769 75 1011 1 111 203 31 125 725 8601 6408 93 35 3843 6238 225 2187 1429 82 2060 977 554
60 8973 17 272 0 1190 3 412 71 293 143 50 51 46 175 419 18 15 35 1 23 9 2848 176 6729 138
61 63 7 119 42 11 0 2 32 1 18 456 8 510 82 2883 34 26 21 352 1687 25 2458 432 56 1225 69 138 708
62 356 10 332 47 0 3 5014 2 26 164 1583 11 662 21 112 14 117 45 64 5 495 4 72 107 77 1841 7 56 1 583 7624 138 1310
63 45 585 40 2363 0 1054 2 147 24 148 3 2178 22 46 4 12 33 68 3711 280 4630 1283 5410 8 7 1290 3097
64 762 26 6 4 148 141 0 9 11 1 33 2 34 13 352 21 56 1290 1593 15 1434 356 5526
65 42 25 17 3 1190 0 71 13 5 2065 143 7 431 12 46 1161 15 35 1108 432 39 231 9 1954
66 5973 14 8 2 51 66 1 39 4 50 0 21 1759 1156 4872 118 26 4129 16 7437 9711 1671
67 8 63 67 4 5973 119 1854 10 25 32 23 3 0 2 51 66 68 46 1119 39 9 14 209 4872 19 5990 138 1495 1290
68 1 225 4211 229 9 42 8733 17 6 278 11 0 2385 31 47 68 384 244 7 2 27 193 5999 21 1434 1502 7055 1310
69 762 6 4 141 0 6169 53 111 778 1593 4152 1 2 1499 11 1107 10 117 5 38 33 8 69 708 873 1671
70 1 7 89 4211 582 11 6 42 0 1857 17 278 456 293 31 2 4046 82 2883 21 155 126 6729 3975 3244 2848
71 3 1 585 40 1054 2684 0 651 663 66 12 39 67 13 14 68 8088 2 176 2591 3097 968
72 28 1436 2 0 24 17 1190 6 11 71 143 510 18 7884 236 9798 26 2844 46 222 15 35 21 230 9 653
73 609 31 1414 0 9 99 33 23 175 13 1 10 6643 48 3 16 137 7170 5 2 1495 859
74 12 582 16 0 9 412 33 129 2385 10 140 13 101 18 7 1 23 1257 151 2624
75 762 67 6 356 4 141 25 585 40 1054 13 1119 0 11 662 68 12 2 39 1593 5 3 14 1 1966 4630 194 583 2264 3097
76 43 0 2 39 17 61 1190 71 845 143 288 50 51 29 46 175 1 15 35 3 7 27 2060 3849
77 9 8733 68 244 433 11 0 81 4 4138 5350 2 3 21 207 33 161 1130 10 12 1593 651 2657 75 173 197 134 1888
78 32 0 225 229 16 2 13 1 47 384 8 23 4 50 27 391 239 12 1156 11 5 3
79 762 6 1363 4 141 0 8973 500 272 2051 3 33 50 51 38 2 2221 26 175 419 1390 836 7 1315 2848 138
80 41 7 89 2 609 11 0 24 6 1857 1 99 36 456 18 7884 236 330 186 4046 82 2883 40 21 653 155
81 8 14 1363 31 4 1414 0 17 1190 47 71 2 3 143 33 26 1 1583 175 1390 1671 2848 554 9305 5921 3097
82 4 14 71 0 2 8 1 17 25 9 2385 3208 253 510 22 34 26 21 352 1759 230 145 2282 299 621 1671 3244 3097 1737
83 12 7 3 89 1 31 11 25 1414 0 6 1857 456 129 651 663 2 140 4046 138 155
84 67 3140 9 0 8733 10 2 40 330 186 68 66 322 2178 1119 34 244 4 39 352 15 14 1283 5990 236 138 2264 1737 3097
85 1363 4 0 18 293 33 2 26 1390 1687 836 286 12 3626 123 174 1756 2950 95 6 9 2628 157 2848 176 6729 138
86 225 7 31 2 1 229 1966 0 24 500 8 2051 116 6169 33 47 3 53 510 50 18 7884 708 2818
87 281 1363 4 585 40 0 6169 6 1054 53 33 2 406 26 1390 836 111 63 68 778 3 12 8 708 2848
88 4 71 1 17 25 9 0 47 3 3208 253 6 2 26 22 1583 406 63 21 145 3223 1027 28 155
89 12 4 0 500 2051 33 129 23 8 140 101 2221 9 5 3 266 2 16 98 137 9547 65 183 238 41 21 193 138 1954
90 4 62 71 8973 272 1 17 25 9 3 19 0 2 247 3208 253 5154 6 22 2178 46 210 145 1283 155 138 1290 3244
91 3 4 1 71 17 25 9 0 3208 253 651 663 22 12 13 8088 145 2 112 2591 3244 138 1671
92 281 1 4211 0 585 40 42 17 278 47 6 1054 2 3 31 26 1583 34 7 352 138 3097
93 26 28 1436 148 1 9798 2844 222 406 4 50 63 3 0 1156 1290 12 1027 15 6249 8 9 1951 138
94 16 4 13 10 1 7 2882 12 5 0 1313 3 1966 316 861 7995 27 26 15 18 5442 3458 2 2610 272 102 1790 148 725 554 155 5921 3244
95 8 22 52 25 16 0 412 54 10 7 2 138 18 103 405 23 9 39 19 4 1313 13 3476 56 316 2132 5442 2848 3975
96 8 28 225 1436 2 229 609 0 24 3 99 5 2065 2684 18 7884 47 236 9798 384 2844 222 67 1161 27 19 72 197
97 670 28 1436 2 0 24 31 4 47 34 3 510 18 7884 26 236 431 9798 12 1583 2844 9 14 121 6102
98 0 3 1 14 205 8 1487 439 48 452 651 663 46 106 262 12 21 13 1671 2591 155 3097
99 0 55 5 3618 7 1966 89 25 4104 8 116 5850 1 50 51 1530 1378 264 406 175 550 2498 354 63 1320 1027 27 1954 6604 2153
